u:\opl\yahtzee\x64\debug\yahtzee.pch
u:\opl\yahtzee\x64\debug\vc143.pdb
u:\opl\yahtzee\x64\debug\vc143.idb
u:\opl\yahtzee\x64\debug\dice.obj
u:\opl\yahtzee\x64\debug\player.obj
u:\opl\yahtzee\x64\debug\round.obj
u:\opl\yahtzee\x64\debug\scorecard.obj
u:\opl\yahtzee\x64\debug\serialization.obj
u:\opl\yahtzee\x64\debug\tournament.obj
u:\opl\yahtzee\x64\debug\turn.obj
u:\opl\yahtzee\x64\debug\yahtzee.obj
u:\opl\yahtzee\x64\debug\yahtzee.ilk
u:\opl\yahtzee\x64\debug\yahtzee.exe
u:\opl\yahtzee\x64\debug\yahtzee.pdb
u:\opl\yahtzee\x64\debug\yahtzee.tlog\cl.command.1.tlog
u:\opl\yahtzee\x64\debug\yahtzee.tlog\cl.items.tlog
u:\opl\yahtzee\x64\debug\yahtzee.tlog\cl.read.1.tlog
u:\opl\yahtzee\x64\debug\yahtzee.tlog\cl.write.1.tlog
u:\opl\yahtzee\x64\debug\yahtzee.tlog\link.command.1.tlog
u:\opl\yahtzee\x64\debug\yahtzee.tlog\link.read.1.tlog
u:\opl\yahtzee\x64\debug\yahtzee.tlog\link.write.1.tlog
